[debug] [2022-12-26T11:28:17.781Z] ----------------------------------------------------------------------
[debug] [2022-12-26T11:28:17.783Z] Command:       C:\Program Files\nodejs\node.exe C:\Users\User\AppData\Roaming\npm\node_modules\firebase-tools\lib\bin\firebase.js deploy
[debug] [2022-12-26T11:28:17.783Z] CLI Version:   11.17.0
[debug] [2022-12-26T11:28:17.783Z] Platform:      win32
[debug] [2022-12-26T11:28:17.783Z] Node Version:  v16.17.0
[debug] [2022-12-26T11:28:17.789Z] Time:          Mon Dec 26 2022 17:28:17 GMT+0600 (Bangladesh Standard Time)
[debug] [2022-12-26T11:28:17.789Z] ----------------------------------------------------------------------
[debug] 
[debug] [2022-12-26T11:28:17.793Z] >>> [apiv2][query] GET https://firebase-public.firebaseio.com/cli.json [none]
[debug] [2022-12-26T11:28:17.889Z] > command requires scopes: ["email","openid","https://www.googleapis.com/auth/cloudplatformprojects.readonly","https://www.googleapis.com/auth/firebase","https://www.googleapis.com/auth/cloud-platform"]
[debug] [2022-12-26T11:28:17.889Z] > authorizing via signed-in user (asadul7733@gmail.com)
[debug] [2022-12-26T11:28:17.890Z] [iam] checking project muso-ninjas-72348 for permissions ["datastore.indexes.create","datastore.indexes.delete","datastore.indexes.list","datastore.indexes.update","firebase.projects.get","firebasehosting.sites.update","firebaserules.releases.create","firebaserules.releases.update","firebaserules.rulesets.create"]
[debug] [2022-12-26T11:28:17.891Z] > refreshing access token with scopes: []
[debug] [2022-12-26T11:28:17.892Z] >>> [apiv2][query] POST https://www.googleapis.com/oauth2/v3/token [none]
[debug] [2022-12-26T11:28:17.892Z] >>> [apiv2][body] POST https://www.googleapis.com/oauth2/v3/token [omitted]
[debug] [2022-12-26T11:28:18.256Z] <<< [apiv2][status] POST https://www.googleapis.com/oauth2/v3/token 200
[debug] [2022-12-26T11:28:18.256Z] <<< [apiv2][body] POST https://www.googleapis.com/oauth2/v3/token [omitted]
[debug] [2022-12-26T11:28:18.268Z] >>> [apiv2][query] POST https://cloudresourcemanager.googleapis.com/v1/projects/muso-ninjas-72348:testIamPermissions [none]
[debug] [2022-12-26T11:28:18.268Z] >>> [apiv2][(partial)header] POST https://cloudresourcemanager.googleapis.com/v1/projects/muso-ninjas-72348:testIamPermissions x-goog-quota-user=projects/muso-ninjas-72348
[debug] [2022-12-26T11:28:18.269Z] >>> [apiv2][body] POST https://cloudresourcemanager.googleapis.com/v1/projects/muso-ninjas-72348:testIamPermissions {"permissions":["datastore.indexes.create","datastore.indexes.delete","datastore.indexes.list","datastore.indexes.update","firebase.projects.get","firebasehosting.sites.update","firebaserules.releases.create","firebaserules.releases.update","firebaserules.rulesets.create"]}
